Attempting to parse n05.mscx
Done parsing n05.mscx

The following chords could not be parsed:
     mc  mn onset     label
ix                         
115  45  45     0  .bVI[bVI
118  45  45   3/8     .Ger6
123  47  47     0  .bVI[bVI
126  47  47   3/8     .Ger6
128  47  47   5/8     .bVI]
131  49  49     0  .bVI[bVI
133  49  49   1/4      .bVI
135  49  49   1/2      .bVI
137  50  50     0      .bVI
138  50  50   1/8    .bii64
139  50  50   1/4      .bVI
141  50  50   1/2      .bVI
143  51  51     0      .bVI
154  52  52   5/8    .Ger6]
160  53  53   5/8     .bVI6
162  54  54   1/8     .bVI6
Failed to expand labels due to syntactic errors:
repl_spec() missing 1 required positional argument: 'special'
