Warnings encountered during the last execution of ms3 review (v1.2.4)
=====================================================================

Chord labels where the ratio of colored notes vs. all notes in a segment lies above 0.6:
                                   mc  mn mc_onset       label         chord_tones added_tones  n_colored  n_untouched  count_ratio
schubert_winterreise MS3/n01.mscx   2   2      3/8   viio43(4)     (-6, -9, 0, -1)          ()          4            1     0.800000
                     MS3/n01.mscx   2   2    15/32      viio43     (-6, -9, 0, -3)          ()          1            0     1.000000
                     MS3/n01.mscx   3   3      3/8      viio43     (-6, -9, 0, -3)          ()          5            0     1.000000
                     MS3/n01.mscx  34  34      3/8   viio43(4)     (-6, -9, 0, -1)          ()          4            1     0.800000
                     MS3/n01.mscx  34  34    15/32      viio43     (-6, -9, 0, -3)          ()          1            0     1.000000
                     MS3/n01.mscx  35  35      3/8      viio43     (-6, -9, 0, -3)          ()          5            0     1.000000
                     MS3/n01.mscx  66  66      3/8   viio43(4)     (-6, -9, 0, -1)          ()          4            1     0.800000
                     MS3/n01.mscx  66  66    15/32      viio43     (-6, -9, 0, -3)          ()          1            0     1.000000
                     MS3/n01.mscx  67  67      3/8      viio43     (-6, -9, 0, -3)          ()          5            0     1.000000
                     MS3/n02.mscx  12  11      3/8        ivo6        (-4, -7, -1)          ()          6            2     0.750000
                     MS3/n04.mscx  16  16        0        viio        (-2, -5, -8)          ()         21            0     1.000000
                     MS3/n04.mscx  18  18        0        viio        (-2, -5, -8)          ()         21            0     1.000000
                     MS3/n04.mscx  27  27        0    viio65/v   (-4, -7, -10, -1)          ()         19            0     1.000000
                     MS3/n04.mscx  29  29      1/4        viio        (-2, -5, -8)          ()          6            0     1.000000
                     MS3/n04.mscx  29  29      3/4        viio        (-2, -5, -8)          ()          6            0     1.000000
                     MS3/n04.mscx  34  34        0       viio2   (-11, -2, -5, -8)          ()         12            0     1.000000
                     MS3/n04.mscx  34  34      3/4      viio65   (-5, -8, -11, -2)          ()          4            0     1.000000
                     MS3/n04.mscx  37  37        0  viio43(+4)   (-8, -11, -2, -5)       (-3,)         13            1     0.928571
                     MS3/n04.mscx  39  39        0       viio7   (-2, -5, -8, -11)          ()         18            0     1.000000
                     MS3/n04.mscx  39  39      3/4       viio7   (-2, -5, -8, -11)          ()          6            0     1.000000
                     MS3/n04.mscx  52  52        0   viio65/ii  (-7, -10, -13, -4)          ()         56            0     1.000000
                     MS3/n04.mscx  56  56        0   viio65/ii  (-7, -10, -13, -4)          ()         56            0     1.000000
                     MS3/n04.mscx  75  75        0        viio        (-2, -5, -8)          ()         21            0     1.000000
                     MS3/n04.mscx  86  86      1/4       viio7   (-2, -5, -8, -11)          ()         24            0     1.000000
                     MS3/n05.mscx  45  45      1/4          VI          (7, 11, 8)          ()          3            0     1.000000
                     MS3/n05.mscx  47  47      1/4          VI          (7, 11, 8)          ()          4            0     1.000000
                     MS3/n07.mscx  47  47        0           i           (4, 1, 5)          ()          9            1     0.900000
                     MS3/n11.mscx  24  23        0        bII6         (2, -1, -2)          ()         12            7     0.631579
                     MS3/n11.mscx  26  25      3/8      V65(9)        (8, 5, 2, 4)       (-1,)          3            1     0.750000
                     MS3/n11.mscx  68  67        0        bII6         (2, -1, -2)          ()         12            7     0.631579
                     MS3/n11.mscx  70  69      3/8      V65(9)        (8, 5, 2, 4)       (-1,)          4            1     0.800000
                     MS3/n11.mscx  70  69      5/8         V65        (8, 5, 2, 4)          ()          2            1     0.666667
                     MS3/n15.mscx  35  35      1/8     V64(b9)           (2, 1, 5)      (-11,)          4            1     0.800000
                     MS3/n17.mscx  12  12      3/4   viio43/ii     (-4, -7, 2, -1)          ()          9            0     1.000000
                     MS3/n18.mscx   6   6        0       viio7     (0, -3, -6, -9)          ()         21            0     1.000000
                     MS3/n19.mscx  26  25        0   ii[V(964)           (4, 3, 7)        (6,)          4            2     0.666667
                     MS3/n19.mscx  26  25      1/4       V(64)           (4, 3, 7)          ()         11            3     0.785714
